07:37:33 **** Incremental Build of configuration Debug for project KPAD_Calculator ****
make all 
Building file: ../main.c
Invoking: AVR Compiler
avr-gcc -Wall -g2 -gstabs -O0 -fpack-struct -fshort-enums -ffunction-sections -fdata-sections -std=gnu99 -funsigned-char -funsigned-bitfields -mmcu=atmega32 -DF_CPU=8000000UL -MMD -MP -MF"main.d" -MT"main.o" -c -o "main.o" "../main.c"
In file included from ../main.c:2:
c:/my files/emmbeded sys/imt tools/sdk/imt_sdk_win_64/winavr/lib/gcc/../../avr/include/util/delay.h:90:3: warning: #warning "Compiler optimizations disabled; functions from <util/delay.h> won't work as designed"
../main.c: In function 'main':
../main.c:61: warning: implicit declaration of function 'clearFArray'
../main.c: At top level:
../main.c:260: warning: conflicting types for 'clearFArray'
../main.c:61: warning: previous implicit declaration of 'clearFArray' was here
Finished building: ../main.c
 
Building target: KPAD_Calculator.elf
Invoking: AVR C Linker
avr-gcc -Wl,-Map,KPAD_Calculator.map -mmcu=atmega32 -o "KPAD_Calculator.elf"  ./MCAL/3-\ GIE/GIE_program.o  ./MCAL/2-\ EXTI/EXTI_Program.o  ./MCAL/1-DIO/DIO_program.o  ./HAL/5-KEYPAD/KPD_program.o  ./HAL/4-LCD/CLCD_program.o  ./main.o   
Finished building target: KPAD_Calculator.elf
 
Invoking: AVR Create Extended Listing
avr-objdump -h -S KPAD_Calculator.elf  >"KPAD_Calculator.lss"
Finished building: KPAD_Calculator.lss
 
Create Flash image (ihex format)
avr-objcopy -R .eeprom -R .fuse -R .lock -R .signature -O ihex KPAD_Calculator.elf  "KPAD_Calculator.hex"
Finished building: KPAD_Calculator.hex
 
Invoking: Print Size
avr-size --format=avr --mcu=atmega32 KPAD_Calculator.elf
AVR Memory Usage
----------------
Device: atmega32

Program:   25546 bytes (78.0% Full)
(.text + .data + .bootloader)

Data:        340 bytes (16.6% Full)
(.data + .bss + .noinit)


Finished building: sizedummy
 
